Started GET "/" for ::1 at 2023-01-07 21:54:05 -0500
Processing by Rails::WelcomeController#index as HTML
  Rendering /Users/alexbarron/.rvm/gems/ruby-2.7.6/gems/railties-7.0.4/lib/rails/templates/rails/welcome/index.html.erb
  Rendered /Users/alexbarron/.rvm/gems/ruby-2.7.6/gems/railties-7.0.4/lib/rails/templates/rails/welcome/index.html.erb (Duration: 1.7ms | Allocations: 773)
Completed 200 OK in 16ms (Views: 5.8ms | ActiveRecord: 0.0ms | Allocations: 6757)


Started GET "/" for ::1 at 2023-01-07 21:54:27 -0500
Processing by Rails::WelcomeController#index as HTML
  Rendering /Users/alexbarron/.rvm/gems/ruby-2.7.6/gems/railties-7.0.4/lib/rails/templates/rails/welcome/index.html.erb
  Rendered /Users/alexbarron/.rvm/gems/ruby-2.7.6/gems/railties-7.0.4/lib/rails/templates/rails/welcome/index.html.erb (Duration: 1.9ms | Allocations: 451)
Completed 200 OK in 6ms (Views: 4.0ms | ActiveRecord: 0.0ms | Allocations: 1179)


  [1m[35m (1.2ms)[0m  [1m[35mCREATE TABLE "schema_migrations" ("version" varchar NOT NULL PRIMARY KEY)[0m
  [1m[35m (0.5ms)[0m  [1m[35mCREATE TABLE "ar_internal_metadata" ("key" varchar NOT NULL PRIMARY KEY, "value" varchar, "created_at" datetime(6) NOT NULL, "updated_at" datetime(6) NOT NULL)[0m
  [1m[36mActiveRecord::SchemaMigration Pluck (0.1ms)[0m  [1m[34mSELECT "schema_migrations"."version" FROM "schema_migrations" ORDER BY "schema_migrations"."version" ASC[0m
Migrating to CreateTraveldations (20230108025603)
  [1m[36mTRANSACTION (0.0ms)[0m  [1m[36mbegin transaction[0m
  [1m[35m (0.3ms)[0m  [1m[35mCREATE TABLE "traveldations" ("id" integer PRIMARY KEY AUTOINCREMENT NOT NULL, "country" varchar, "city" varchar, "description" text, "created_at" datetime(6) NOT NULL, "updated_at" datetime(6) NOT NULL)[0m
  [1m[36mActiveRecord::SchemaMigration Create (0.3ms)[0m  [1m[32mINSERT INTO "schema_migrations" ("version") VALUES (?)[0m  [["version", "20230108025603"]]
  [1m[36mTRANSACTION (0.3ms)[0m  [1m[36mcommit transaction[0m
  [1m[36mActiveRecord::InternalMetadata Load (0.4ms)[0m  [1m[34mSELECT "ar_internal_metadata".* FROM "ar_internal_metadata" WHERE "ar_internal_metadata"."key" = ? LIMIT ?[0m  [["key", "environment"], ["LIMIT", 1]]
  [1m[36mTRANSACTION (0.0ms)[0m  [1m[36mbegin transaction[0m
  [1m[36mActiveRecord::InternalMetadata Create (0.2ms)[0m  [1m[32mINSERT INTO "ar_internal_metadata" ("key", "value", "created_at", "updated_at") VALUES (?, ?, ?, ?)[0m  [["key", "environment"], ["value", "development"], ["created_at", "2023-01-08 02:57:36.741588"], ["updated_at", "2023-01-08 02:57:36.741588"]]
  [1m[36mTRANSACTION (0.2ms)[0m  [1m[36mcommit transaction[0m
  [1m[36mActiveRecord::SchemaMigration Pluck (0.0ms)[0m  [1m[34mSELECT "schema_migrations"."version" FROM "schema_migrations" ORDER BY "schema_migrations"."version" ASC[0m
